na: /Users/arctelix/.dotfiles/arctelix/dotsys-repo-test/test_ismanaged/uninstall.sh
na: /Users/arctelix/.dotfiles/arctelix/dotsys-repo-test/test_n_ismanaged/uninstall.sh
success: /Users/arctelix/.dotfiles/arctelix/dotsys-repo-test/test_scripts/uninstall.sh
na: /Users/arctelix/.dotfiles/arctelix/dotsys-repo-test/test_settings/uninstall.sh
na: /Users/arctelix/.dotfiles/arctelix/dotsys-repo-test/test_ismanaged/install.sh
na: /Users/arctelix/.dotfiles/arctelix/dotsys-repo-test/test_n_ismanaged/install.sh
success: /Users/arctelix/.dotfiles/arctelix/dotsys-repo-test/test_scripts/install.sh
na: /Users/arctelix/.dotfiles/arctelix/dotsys-repo-test/test_settings/install.sh
na: /Users/arctelix/.dotfiles/arctelix/dotsys-repo-test/test_ismanaged/uninstall.sh
na: /Users/arctelix/.dotfiles/arctelix/dotsys-repo-test/test_n_ismanaged/uninstall.sh
success: /Users/arctelix/.dotfiles/arctelix/dotsys-repo-test/test_scripts/uninstall.sh
na: /Users/arctelix/.dotfiles/arctelix/dotsys-repo-test/test_settings/uninstall.sh
na: /Users/arctelix/.dotfiles/arctelix/dotsys-repo-test/test_ismanaged/install.sh
na: /Users/arctelix/.dotfiles/arctelix/dotsys-repo-test/test_n_ismanaged/install.sh
success: /Users/arctelix/.dotfiles/arctelix/dotsys-repo-test/test_scripts/install.sh
na: /Users/arctelix/.dotfiles/arctelix/dotsys-repo-test/test_settings/install.sh
na: /Users/arctelix/.dotfiles/arctelix/dotsys-repo-test/test_ismanaged/uninstall.sh
na: /Users/arctelix/.dotfiles/arctelix/dotsys-repo-test/test_n_ismanaged/uninstall.sh
success: /Users/arctelix/.dotfiles/arctelix/dotsys-repo-test/test_scripts/uninstall.sh
na: /Users/arctelix/.dotfiles/arctelix/dotsys-repo-test/test_settings/uninstall.sh
na: /Users/arctelix/.dotfiles/arctelix/dotsys-repo-test/test_ismanaged/uninstall.sh
na: /Users/arctelix/.dotfiles/arctelix/dotsys-repo-test/test_n_ismanaged/uninstall.sh
success: /Users/arctelix/.dotfiles/arctelix/dotsys-repo-test/test_scripts/uninstall.sh
na: /Users/arctelix/.dotfiles/arctelix/dotsys-repo-test/test_settings/uninstall.sh
na: /Users/arctelix/.dotfiles/arctelix/dotsys-repo-test/test_ismanaged/install.sh
na: /Users/arctelix/.dotfiles/arctelix/dotsys-repo-test/test_n_ismanaged/install.sh
success: /Users/arctelix/.dotfiles/arctelix/dotsys-repo-test/test_scripts/install.sh
na: /Users/arctelix/.dotfiles/arctelix/dotsys-repo-test/test_settings/install.sh
na: /Users/arctelix/.dotfiles/arctelix/dotsys-repo-test/test_ismanaged/uninstall.sh
na: /Users/arctelix/.dotfiles/arctelix/dotsys-repo-test/test_n_ismanaged/uninstall.sh
success: /Users/arctelix/.dotfiles/arctelix/dotsys-repo-test/test_scripts/uninstall.sh
na: /Users/arctelix/.dotfiles/arctelix/dotsys-repo-test/test_settings/uninstall.sh
na: /Users/arctelix/.dotfiles/arctelix/dotsys-repo-test/test_ismanaged/uninstall.sh
na: /Users/arctelix/.dotfiles/arctelix/dotsys-repo-test/test_n_ismanaged/uninstall.sh
success: /Users/arctelix/.dotfiles/arctelix/dotsys-repo-test/test_scripts/uninstall.sh
na: /Users/arctelix/.dotfiles/arctelix/dotsys-repo-test/test_settings/uninstall.sh
na: /Users/arctelix/.dotfiles/arctelix/dotsys-repo-test/test_ismanaged/install.sh
na: /Users/arctelix/.dotfiles/arctelix/dotsys-repo-test/test_n_ismanaged/install.sh
success: /Users/arctelix/.dotfiles/arctelix/dotsys-repo-test/test_scripts/install.sh
na: /Users/arctelix/.dotfiles/arctelix/dotsys-repo-test/test_settings/install.sh
na: /Users/arctelix/.dotfiles/arctelix/dotsys-repo-test/test_ismanaged/uninstall.sh
na: /Users/arctelix/.dotfiles/arctelix/dotsys-repo-test/test_n_ismanaged/uninstall.sh
success: /Users/arctelix/.dotfiles/arctelix/dotsys-repo-test/test_scripts/uninstall.sh
na: /Users/arctelix/.dotfiles/arctelix/dotsys-repo-test/test_settings/uninstall.sh
na: /Users/arctelix/.dotfiles/arctelix/dotsys-repo-test/test_ismanaged/install.sh
na: /Users/arctelix/.dotfiles/arctelix/dotsys-repo-test/test_n_ismanaged/install.sh
success: /Users/arctelix/.dotfiles/arctelix/dotsys-repo-test/test_scripts/install.sh
na: /Users/arctelix/.dotfiles/arctelix/dotsys-repo-test/test_settings/install.sh
na: /Users/arctelix/.dotfiles/arctelix/dotsys-repo-test/test_ismanaged/uninstall.sh
na: /Users/arctelix/.dotfiles/arctelix/dotsys-repo-test/test_n_ismanaged/uninstall.sh
success: /Users/arctelix/.dotfiles/arctelix/dotsys-repo-test/test_scripts/uninstall.sh
na: /Users/arctelix/.dotfiles/arctelix/dotsys-repo-test/test_settings/uninstall.sh
na: /Users/arctelix/.dotfiles/arctelix/dotsys-repo-test/test_ismanaged/install.sh
na: /Users/arctelix/.dotfiles/arctelix/dotsys-repo-test/test_n_ismanaged/install.sh
success: /Users/arctelix/.dotfiles/arctelix/dotsys-repo-test/test_scripts/install.sh
na: /Users/arctelix/.dotfiles/arctelix/dotsys-repo-test/test_settings/install.sh
na: /Users/arctelix/.dotfiles/arctelix/dotsys-repo-test/test_ismanaged/uninstall.sh
na: /Users/arctelix/.dotfiles/arctelix/dotsys-repo-test/test_n_ismanaged/uninstall.sh
success: /Users/arctelix/.dotfiles/arctelix/dotsys-repo-test/test_scripts/uninstall.sh
na: /Users/arctelix/.dotfiles/arctelix/dotsys-repo-test/test_settings/uninstall.sh
na: /Users/arctelix/.dotfiles/arctelix/dotsys-repo-test/test_ismanaged/install.sh
na: /Users/arctelix/.dotfiles/arctelix/dotsys-repo-test/test_n_ismanaged/install.sh
success: /Users/arctelix/.dotfiles/arctelix/dotsys-repo-test/test_scripts/install.sh
na: /Users/arctelix/.dotfiles/arctelix/dotsys-repo-test/test_settings/install.sh
na: /Users/arctelix/.dotfiles/arctelix/dotsys-repo-test/test_ismanaged/install.sh
na: /Users/arctelix/.dotfiles/arctelix/dotsys-repo-test/test_n_ismanaged/install.sh
success: /Users/arctelix/.dotfiles/arctelix/dotsys-repo-test/test_scripts/install.sh
na: /Users/arctelix/.dotfiles/arctelix/dotsys-repo-test/test_settings/install.sh
na: /Users/arctelix/.dotfiles/arctelix/dotsys-repo-test/test_ismanaged/install.sh
na: /Users/arctelix/.dotfiles/arctelix/dotsys-repo-test/test_n_ismanaged/install.sh
success: /Users/arctelix/.dotfiles/arctelix/dotsys-repo-test/test_scripts/install.sh
na: /Users/arctelix/.dotfiles/arctelix/dotsys-repo-test/test_settings/install.sh
na: /Users/arctelix/.dotfiles/arctelix/dotsys-repo-test/test_ismanaged/uninstall.sh
na: /Users/arctelix/.dotfiles/arctelix/dotsys-repo-test/test_n_ismanaged/uninstall.sh
success: /Users/arctelix/.dotfiles/arctelix/dotsys-repo-test/test_scripts/uninstall.sh
na: /Users/arctelix/.dotfiles/arctelix/dotsys-repo-test/test_settings/uninstall.sh
na: /Users/arctelix/.dotfiles/arctelix/dotsys-repo-test/test_ismanaged/uninstall.sh
na: /Users/arctelix/.dotfiles/arctelix/dotsys-repo-test/test_n_ismanaged/uninstall.sh
success: /Users/arctelix/.dotfiles/arctelix/dotsys-repo-test/test_scripts/uninstall.sh
na: /Users/arctelix/.dotfiles/arctelix/dotsys-repo-test/test_settings/uninstall.sh
na: /Users/arctelix/.dotfiles/arctelix/dotsys-repo-test/test_ismanaged/install.sh
na: /Users/arctelix/.dotfiles/arctelix/dotsys-repo-test/test_n_ismanaged/install.sh
success: /Users/arctelix/.dotfiles/arctelix/dotsys-repo-test/test_scripts/install.sh
na: /Users/arctelix/.dotfiles/arctelix/dotsys-repo-test/test_settings/install.sh
na: /Users/arctelix/.dotfiles/arctelix/dotsys-repo-test/test_ismanaged/uninstall.sh
na: /Users/arctelix/.dotfiles/arctelix/dotsys-repo-test/test_n_ismanaged/uninstall.sh
success: /Users/arctelix/.dotfiles/arctelix/dotsys-repo-test/test_scripts/uninstall.sh
na: /Users/arctelix/.dotfiles/arctelix/dotsys-repo-test/test_settings/uninstall.sh
na: /Users/arctelix/.dotfiles/arctelix/dotsys-repo-test/test_ismanaged/uninstall.sh
na: /Users/arctelix/.dotfiles/arctelix/dotsys-repo-test/test_n_ismanaged/uninstall.sh
success: /Users/arctelix/.dotfiles/arctelix/dotsys-repo-test/test_scripts/uninstall.sh
na: /Users/arctelix/.dotfiles/arctelix/dotsys-repo-test/test_settings/uninstall.sh
na: /Users/arctelix/.dotfiles/arctelix/dotsys-repo-test/test_ismanaged/uninstall.sh
na: /Users/arctelix/.dotfiles/arctelix/dotsys-repo-test/test_n_ismanaged/uninstall.sh
success: /Users/arctelix/.dotfiles/arctelix/dotsys-repo-test/test_scripts/uninstall.sh
na: /Users/arctelix/.dotfiles/arctelix/dotsys-repo-test/test_settings/uninstall.sh
na: /Users/arctelix/.dotfiles/arctelix/dotsys-repo-test/test_ismanaged/uninstall.sh
na: /Users/arctelix/.dotfiles/arctelix/dotsys-repo-test/test_n_ismanaged/uninstall.sh
success: /Users/arctelix/.dotfiles/arctelix/dotsys-repo-test/test_scripts/uninstall.sh
na: /Users/arctelix/.dotfiles/arctelix/dotsys-repo-test/test_settings/uninstall.sh
na: /Users/arctelix/.dotfiles/arctelix/dotsys-repo-test/test_ismanaged/uninstall.sh
na: /Users/arctelix/.dotfiles/arctelix/dotsys-repo-test/test_n_ismanaged/uninstall.sh
success: /Users/arctelix/.dotfiles/arctelix/dotsys-repo-test/test_scripts/uninstall.sh
na: /Users/arctelix/.dotfiles/arctelix/dotsys-repo-test/test_settings/uninstall.sh
na: /Users/arctelix/.dotfiles/arctelix/dotsys-repo-test/test_ismanaged/install.sh
na: /Users/arctelix/.dotfiles/arctelix/dotsys-repo-test/test_n_ismanaged/install.sh
success: /Users/arctelix/.dotfiles/arctelix/dotsys-repo-test/test_scripts/install.sh
na: /Users/arctelix/.dotfiles/arctelix/dotsys-repo-test/test_settings/install.sh
na: /Users/arctelix/.dotfiles/arctelix/dotsys-repo-test/test_ismanaged/uninstall.sh
na: /Users/arctelix/.dotfiles/arctelix/dotsys-repo-test/test_n_ismanaged/uninstall.sh
success: /Users/arctelix/.dotfiles/arctelix/dotsys-repo-test/test_scripts/uninstall.sh
na: /Users/arctelix/.dotfiles/arctelix/dotsys-repo-test/test_settings/uninstall.sh
na: /Users/arctelix/.dotfiles/arctelix/dotsys-repo-new/im_a_topic/install.sh
na: /Users/arctelix/.dotfiles/arctelix/dotsys-repo-new/im_a_topic/uninstall.sh
na: /Users/arctelix/.dotfiles/arctelix/dotsys-repo-new/im_a_topic/install.sh
na: /Users/arctelix/.dotfiles/arctelix/dotsys-repo-new/im_a_topic/uninstall.sh
na: /Users/arctelix/.dotfiles/arctelix/dotsys-repo-new2/im_a_topic/install.sh
na: /Users/arctelix/.dotfiles/arctelix/dotsys-repo-new2/im_a_topic/uninstall.sh
na: /Users/arctelix/.dotfiles/arctelix/dotsys-repo-test/bash/install.sh
na: /Users/arctelix/.dotfiles/arctelix/dotsys-repo-test/shell/install.sh
na: /Users/arctelix/.dotfiles/arctelix/dotsys-repo-test/test_bin/install.sh
na: /Users/arctelix/.dotfiles/arctelix/dotsys-repo-test/test_ismanaged/install.sh
na: /Users/arctelix/.dotfiles/arctelix/dotsys-repo-test/test_n_ismanaged/install.sh
success: /Users/arctelix/.dotfiles/arctelix/dotsys-repo-test/test_scripts/install.sh
na: /Users/arctelix/.dotfiles/arctelix/dotsys-repo-test/test_settings/install.sh
na: /Users/arctelix/.dotfiles/arctelix/dotsys-repo-test/test_source_sh/install.sh
na: /Users/arctelix/.dotfiles/arctelix/dotsys-repo-test/bash/install.sh
na: /Users/arctelix/.dotfiles/arctelix/dotsys-repo-test/shell/install.sh
na: /Users/arctelix/.dotfiles/arctelix/dotsys-repo-test/test_bin/install.sh
na: /Users/arctelix/.dotfiles/arctelix/dotsys-repo-test/test_ismanaged/install.sh
na: /Users/arctelix/.dotfiles/arctelix/dotsys-repo-test/test_n_ismanaged/install.sh
success: /Users/arctelix/.dotfiles/arctelix/dotsys-repo-test/test_scripts/install.sh
na: /Users/arctelix/.dotfiles/arctelix/dotsys-repo-test/test_settings/install.sh
na: /Users/arctelix/.dotfiles/arctelix/dotsys-repo-test/test_source_sh/install.sh
na: /Users/arctelix/.dotfiles/arctelix/dotsys-repo-test/bash/install.sh
na: /Users/arctelix/.dotfiles/arctelix/dotsys-repo-test/bash/install.sh
na: /Users/arctelix/.dotfiles/arctelix/dotsys-repo-test/bash/install.sh
na: /Users/arctelix/.dotfiles/arctelix/dotsys-repo-test/shell/install.sh
na: /Users/arctelix/.dotfiles/arctelix/dotsys-repo-test/bash/install.sh
na: /Users/arctelix/.dotfiles/arctelix/dotsys-repo-test/bash/install.sh
na: /Users/arctelix/.dotfiles/arctelix/dotsys-repo-test/bash/install.sh
na: /Users/arctelix/.dotfiles/arctelix/dotsys-repo-test/bash/install.sh
na: /Users/arctelix/.dotfiles/arctelix/dotsys-repo-test/shell/install.sh
na: /Users/arctelix/.dotfiles/arctelix/dotsys-repo-test/shell/install.sh
na: /Users/arctelix/.dotfiles/arctelix/dotsys-repo-test/shell/install.sh
na: /Users/arctelix/.dotfiles/arctelix/dotsys-repo-test/shell/install.sh
na: /Users/arctelix/.dotfiles/arctelix/dotsys-repo-test/bash/install.sh
na: /Users/arctelix/.dotfiles/arctelix/dotsys-repo-test/shell/install.sh
na: /Users/arctelix/.dotfiles/arctelix/dotsys-repo-test/shell/install.sh
na: /Users/arctelix/.dotfiles/arctelix/dotsys-repo-test/shell/install.sh
na: /Users/arctelix/.dotfiles/arctelix/dotsys-repo-test/shell/install.sh
na: /Users/arctelix/.dotfiles/arctelix/dotsys-repo-test/bash/install.sh
na: /Users/arctelix/.dotfiles/arctelix/dotsys-repo-test/shell/install.sh
na: /Users/arctelix/.dotfiles/arctelix/dotsys-repo-test/shell/install.sh
na: /Users/arctelix/.dotfiles/arctelix/dotsys-repo-test/shell/install.sh
